<?xml version="1.0" encoding="UTF-8"?>
<!-- Generated by org.testng.reporters.JUnitXMLReporter -->
<testsuite ignored="6" hostname="Shree" failures="0" tests="1" name="Default test" time="124.865" errors="0" timestamp="23 Aug 2023 14:25:52 GMT">
  <testcase classname="functions.A_testClass" name="createAvailabilityRequest" time="84.668"/>
  <testcase classname="functions.A_testClass" name="createEvent" time="0.0">
    <ignored/>
  </testcase> <!-- createEvent -->
  <testcase classname="functions.A_testClass" name="createStormAmarm" time="0.0">
    <ignored/>
  </testcase> <!-- createStormAmarm -->
  <testcase classname="functions.A_testClass" name="createManualAmarm" time="0.0">
    <ignored/>
  </testcase> <!-- createManualAmarm -->
  <testcase classname="functions.A_testClass" name="createTestAmarm" time="0.0">
    <ignored/>
  </testcase> <!-- createTestAmarm -->
  <testcase classname="functions.A_testClass" name="createInformation" time="0.0">
    <ignored/>
  </testcase> <!-- createInformation -->
  <testcase classname="functions.A_testClass" name="createAmarmWithEscalation" time="0.0">
    <ignored/>
  </testcase> <!-- createAmarmWithEscalation -->
</testsuite> <!-- Default test -->
