<?xml version="1.0" encoding="UTF-8"?>
<testng-results ignored="5" total="6" passed="0" failed="1" skipped="0">
  <reporter-output>
    <line>
      <![CDATA[Department User login completed successfully]]>
    </line>
    <line>
      <![CDATA[__________________________________________________________________________________________________________________]]>
    </line>
    <line>
      <![CDATA[At Dashboard.]]>
    </line>
    <line>
      <![CDATA[__________________________________________________________________________________________________________________]]>
    </line>
    <line>
      <![CDATA[starting the process of creating event by attribute-22.08.2023]]>
    </line>
    <line>
      <![CDATA[Back to dashboard.]]>
    </line>
    <line>
      <![CDATA[__________________________________________________________________________________________________________________]]>
    </line>
    <line>
      <![CDATA[Department User logout completed successfully.]]>
    </line>
    <line>
      <![CDATA[__________________________________________________________________________________________________________________]]>
    </line>
  </reporter-output>
  <suite started-at="2023-08-22T14:31:26Z" name="Default suite" finished-at="2023-08-22T14:32:10Z" duration-ms="43889">
    <groups>
    </groups>
    <test started-at="2023-08-22T14:31:26Z" name="Default test" finished-at="2023-08-22T14:32:10Z" duration-ms="43889">
      <class name="functions.A_testClass">
        <test-method is-config="true" signature="LoginDeprrmentUser()[pri:0, instance:functions.A_testClass@21ba0741]" started-at="2023-08-22T14:31:26Z" name="LoginDeprrmentUser" finished-at="2023-08-22T14:31:48Z" duration-ms="22677" status="PASS">
          <reporter-output>
            <line>
              <![CDATA[Department User login completed successfully]]>
            </line>
            <line>
              <![CDATA[__________________________________________________________________________________________________________________]]>
            </line>
          </reporter-output>
        </test-method> <!-- LoginDeprrmentUser -->
        <test-method is-config="true" signature="backToHomePage()[pri:0, instance:functions.A_testClass@21ba0741]" started-at="2023-08-22T14:31:48Z" name="backToHomePage" finished-at="2023-08-22T14:31:58Z" duration-ms="9407" status="PASS">
          <reporter-output>
            <line>
              <![CDATA[At Dashboard.]]>
            </line>
            <line>
              <![CDATA[__________________________________________________________________________________________________________________]]>
            </line>
          </reporter-output>
        </test-method> <!-- backToHomePage -->
        <test-method signature="createEvent()[pri:3, instance:functions.A_testClass@21ba0741]" started-at="2023-08-22T14:31:58Z" name="createEvent" finished-at="2023-08-22T14:32:00Z" duration-ms="2356" status="FAIL">
          <exception class="org.openqa.selenium.ElementNotInteractableException">
            <message>
              <![CDATA[element not interactable
  (Session info: chrome=116.0.5845.97)
Build info: version: '4.10.0', revision: 'c14d967899'
System info: os.name: 'Windows 10', os.arch: 'amd64', os.version: '10.0', java.version: '17.0.2'
Driver info: org.openqa.selenium.chrome.ChromeDriver
Command: [8a8cc320b32f3928ac2da46a633bfbd0, clickElement {id=EDD6BB5DE764928C68A1D5F969028CDF_element_712}]
Capabilities {acceptInsecureCerts: false, browserName: chrome, browserVersion: 116.0.5845.97, chrome: {chromedriverVersion: 116.0.5845.96 (1a3918166880..., userDataDir: C:\Users\Shree\AppData\Loca...}, fedcm:accounts: true, goog:chromeOptions: {debuggerAddress: localhost:52668}, networkConnectionEnabled: false, pageLoadStrategy: normal, platformName: windows, proxy: Proxy(), se:cdp: ws://localhost:52668/devtoo..., se:cdpVersion: 116.0.5845.97, setWindowRect: true, strictFileInteractability: false, timeouts: {implicit: 0, pageLoad: 300000, script: 30000}, unhandledPromptBehavior: dismiss and notify, webauthn:extension:credBlob: true, webauthn:extension:largeBlob: true, webauthn:extension:minPinLength: true, webauthn:extension:prf: true, webauthn:virtualAuthenticators: true}
Element: [[ChromeDriver: chrome on windows (8a8cc320b32f3928ac2da46a633bfbd0)] -> xpath: //a[@href="http://testing.retteralarm.de/admin/Informations/index"]]
Session ID: 8a8cc320b32f3928ac2da46a633bfbd0]]>
            </message>
            <full-stacktrace>
              <![CDATA[org.openqa.selenium.ElementNotInteractableException: element not interactable
  (Session info: chrome=116.0.5845.97)
Build info: version: '4.10.0', revision: 'c14d967899'
System info: os.name: 'Windows 10', os.arch: 'amd64', os.version: '10.0', java.version: '17.0.2'
Driver info: org.openqa.selenium.chrome.ChromeDriver
Command: [8a8cc320b32f3928ac2da46a633bfbd0, clickElement {id=EDD6BB5DE764928C68A1D5F969028CDF_element_712}]
Capabilities {acceptInsecureCerts: false, browserName: chrome, browserVersion: 116.0.5845.97, chrome: {chromedriverVersion: 116.0.5845.96 (1a3918166880..., userDataDir: C:\Users\Shree\AppData\Loca...}, fedcm:accounts: true, goog:chromeOptions: {debuggerAddress: localhost:52668}, networkConnectionEnabled: false, pageLoadStrategy: normal, platformName: windows, proxy: Proxy(), se:cdp: ws://localhost:52668/devtoo..., se:cdpVersion: 116.0.5845.97, setWindowRect: true, strictFileInteractability: false, timeouts: {implicit: 0, pageLoad: 300000, script: 30000}, unhandledPromptBehavior: dismiss and notify, webauthn:extension:credBlob: true, webauthn:extension:largeBlob: true, webauthn:extension:minPinLength: true, webauthn:extension:prf: true, webauthn:virtualAuthenticators: true}
Element: [[ChromeDriver: chrome on windows (8a8cc320b32f3928ac2da46a633bfbd0)] -> xpath: //a[@href="http://testing.retteralarm.de/admin/Informations/index"]]
Session ID: 8a8cc320b32f3928ac2da46a633bfbd0
at java.base/jdk.internal.reflect.NativeConstructorAccessorImpl.newInstance0(Native Method)
at java.base/jdk.internal.reflect.NativeConstructorAccessorImpl.newInstance(NativeConstructorAccessorImpl.java:77)
at java.base/jdk.internal.reflect.DelegatingConstructorAccessorImpl.newInstance(DelegatingConstructorAccessorImpl.java:45)
at java.base/java.lang.reflect.Constructor.newInstanceWithCaller(Constructor.java:499)
at java.base/java.lang.reflect.Constructor.newInstance(Constructor.java:480)
at org.openqa.selenium.remote.codec.w3c.W3CHttpResponseCodec.createException(W3CHttpResponseCodec.java:199)
at org.openqa.selenium.remote.codec.w3c.W3CHttpResponseCodec.decode(W3CHttpResponseCodec.java:132)
at org.openqa.selenium.remote.codec.w3c.W3CHttpResponseCodec.decode(W3CHttpResponseCodec.java:51)
at org.openqa.selenium.remote.HttpCommandExecutor.execute(HttpCommandExecutor.java:191)
at org.openqa.selenium.remote.service.DriverCommandExecutor.invokeExecute(DriverCommandExecutor.java:196)
at org.openqa.selenium.remote.service.DriverCommandExecutor.execute(DriverCommandExecutor.java:171)
at org.openqa.selenium.remote.RemoteWebDriver.execute(RemoteWebDriver.java:531)
at org.openqa.selenium.remote.RemoteWebElement.execute(RemoteWebElement.java:242)
at org.openqa.selenium.remote.RemoteWebElement.click(RemoteWebElement.java:77)
at java.base/jdk.internal.reflect.NativeMethodAccessorImpl.invoke0(Native Method)
at java.base/jdk.internal.reflect.NativeMethodAccessorImpl.invoke(NativeMethodAccessorImpl.java:77)
at java.base/jdk.internal.reflect.DelegatingMethodAccessorImpl.invoke(DelegatingMethodAccessorImpl.java:43)
at java.base/java.lang.reflect.Method.invoke(Method.java:568)
at org.openqa.selenium.support.pagefactory.internal.LocatingElementHandler.invoke(LocatingElementHandler.java:51)
at jdk.proxy2/jdk.proxy2.$Proxy18.click(Unknown Source)
at functions.J_information.commonForInfo(J_information.java:63)
at functions.A_testClass.createEvent(A_testClass.java:196)
at java.base/jdk.internal.reflect.NativeMethodAccessorImpl.invoke0(Native Method)
at java.base/jdk.internal.reflect.NativeMethodAccessorImpl.invoke(NativeMethodAccessorImpl.java:77)
at java.base/jdk.internal.reflect.DelegatingMethodAccessorImpl.invoke(DelegatingMethodAccessorImpl.java:43)
at java.base/java.lang.reflect.Method.invoke(Method.java:568)
at org.testng.internal.MethodInvocationHelper.invokeMethod(MethodInvocationHelper.java:124)
at org.testng.internal.Invoker.invokeMethod(Invoker.java:583)
at org.testng.internal.Invoker.invokeTestMethod(Invoker.java:719)
at org.testng.internal.Invoker.invokeTestMethods(Invoker.java:989)
at org.testng.internal.TestMethodWorker.invokeTestMethods(TestMethodWorker.java:125)
at org.testng.internal.TestMethodWorker.run(TestMethodWorker.java:109)
at org.testng.TestRunner.privateRun(TestRunner.java:648)
at org.testng.TestRunner.run(TestRunner.java:505)
at org.testng.SuiteRunner.runTest(SuiteRunner.java:455)
at org.testng.SuiteRunner.runSequentially(SuiteRunner.java:450)
at org.testng.SuiteRunner.privateRun(SuiteRunner.java:415)
at org.testng.SuiteRunner.run(SuiteRunner.java:364)
at org.testng.SuiteRunnerWorker.runSuite(SuiteRunnerWorker.java:52)
at org.testng.SuiteRunnerWorker.run(SuiteRunnerWorker.java:84)
at org.testng.TestNG.runSuitesSequentially(TestNG.java:1208)
at org.testng.TestNG.runSuitesLocally(TestNG.java:1137)
at org.testng.TestNG.runSuites(TestNG.java:1049)
at org.testng.TestNG.run(TestNG.java:1017)
at org.testng.remote.AbstractRemoteTestNG.run(AbstractRemoteTestNG.java:115)
at org.testng.remote.RemoteTestNG.initAndRun(RemoteTestNG.java:251)
at org.testng.remote.RemoteTestNG.main(RemoteTestNG.java:77)
]]>
            </full-stacktrace>
          </exception> <!-- org.openqa.selenium.ElementNotInteractableException -->
          <reporter-output>
            <line>
              <![CDATA[starting the process of creating event by attribute-22.08.2023]]>
            </line>
          </reporter-output>
        </test-method> <!-- createEvent -->
        <test-method is-config="true" signature="backToHomePage2()[pri:0, instance:functions.A_testClass@21ba0741]" started-at="2023-08-22T14:32:00Z" name="backToHomePage2" finished-at="2023-08-22T14:32:09Z" duration-ms="9012" status="PASS">
          <reporter-output>
            <line>
              <![CDATA[Back to dashboard.]]>
            </line>
            <line>
              <![CDATA[__________________________________________________________________________________________________________________]]>
            </line>
          </reporter-output>
        </test-method> <!-- backToHomePage2 -->
        <test-method is-config="true" signature="logout()[pri:0, instance:functions.A_testClass@21ba0741]" started-at="2023-08-22T14:32:09Z" name="logout" finished-at="2023-08-22T14:32:10Z" duration-ms="386" status="PASS">
          <reporter-output>
            <line>
              <![CDATA[Department User logout completed successfully.]]>
            </line>
            <line>
              <![CDATA[__________________________________________________________________________________________________________________]]>
            </line>
          </reporter-output>
        </test-method> <!-- logout -->
      </class> <!-- functions.A_testClass -->
    </test> <!-- Default test -->
  </suite> <!-- Default suite -->
</testng-results>
